<?xml version="1.0" encoding="UTF-8"?>
<!-- Generated by org.testng.reporters.JUnitXMLReporter -->
<testsuite ignored="0" hostname="LAPTOP-UD17I2HH" failures="1" tests="1" name="Test" time="1.853" errors="0" timestamp="2023-05-16T23:59:50 IST">
  <testcase classname="jdtest1ng.jdauthenticategithub" name="createRepository" time="1.81">
    <failure type="java.lang.AssertionError" message="expected [201] but found [401]">
      <![CDATA[java.lang.AssertionError: expected [201] but found [401]
at jdtest1ng.jdauthenticategithub.createRepository(jdauthenticategithub.java:39)
at java.base/java.util.ArrayList.forEach(ArrayList.java:1511)
... Removed 32 stack frames]]>
    </failure>
  </testcase> <!-- createRepository -->
</testsuite> <!-- Test -->
